TN:
SF:/Users/qiangyt/my_github/mock-where/src/ApiServer.js
FN:9,(anonymous_0)
FN:14,(anonymous_1)
FN:20,(anonymous_2)
FN:34,(anonymous_3)
FN:45,(anonymous_4)
FNF:5
FNH:2
FNDA:5,(anonymous_0)
FNDA:0,(anonymous_1)
FNDA:0,(anonymous_2)
FNDA:0,(anonymous_3)
FNDA:5,(anonymous_4)
DA:1,1
DA:2,1
DA:3,1
DA:4,1
DA:10,5
DA:11,5
DA:15,0
DA:17,0
DA:19,0
DA:20,0
DA:21,0
DA:22,0
DA:23,0
DA:29,0
DA:31,0
DA:35,0
DA:37,0
DA:38,0
DA:40,0
DA:42,0
DA:46,5
DA:47,1
DA:50,4
DA:51,4
DA:52,4
DA:53,1
DA:56,3
DA:58,3
DA:59,3
DA:60,3
DA:62,3
DA:64,3
DA:70,1
LF:33
LH:19
BRDA:46,0,0,1
BRDA:46,0,1,4
BRDA:52,1,0,1
BRDA:52,1,1,3
BRDA:59,2,0,3
BRDA:59,2,1,1
BRF:6
BRH:6
end_of_record
TN:
SF:/Users/qiangyt/my_github/mock-where/src/App.js
FNF:0
FNH:0
DA:1,0
DA:2,0
DA:4,0
DA:6,0
DA:7,0
DA:9,0
DA:11,0
LF:7
LH:0
BRF:0
BRH:0
end_of_record
TN:
SF:/Users/qiangyt/my_github/mock-where/src/BaseServer.js
FN:11,(anonymous_0)
FN:17,(anonymous_1)
FN:19,(anonymous_2)
FN:19,(anonymous_3)
FN:30,(anonymous_4)
FN:46,(anonymous_5)
FN:58,(anonymous_6)
FNF:7
FNH:1
FNDA:0,(anonymous_0)
FNDA:0,(anonymous_1)
FNDA:0,(anonymous_2)
FNDA:0,(anonymous_3)
FNDA:3,(anonymous_4)
FNDA:0,(anonymous_5)
FNDA:0,(anonymous_6)
DA:1,1
DA:2,1
DA:3,1
DA:4,1
DA:5,1
DA:6,1
DA:7,1
DA:12,0
DA:14,0
DA:18,0
DA:19,0
DA:20,0
DA:21,0
DA:25,0
DA:27,0
DA:31,3
DA:33,3
DA:34,2
DA:35,2
DA:38,1
DA:39,1
DA:47,0
DA:49,0
DA:51,0
DA:52,0
DA:53,0
DA:55,0
DA:59,0
DA:64,1
LF:29
LH:14
BRDA:22,0,0,0
BRDA:22,0,1,0
BRDA:33,1,0,2
BRDA:33,1,1,1
BRDA:35,2,0,1
BRDA:35,2,1,1
BRDA:52,3,0,0
BRDA:52,3,1,0
BRF:8
BRH:4
end_of_record
TN:
SF:/Users/qiangyt/my_github/mock-where/src/Beans.js
FN:11,init
FN:33,render
FN:41,(anonymous_2)
FN:63,(anonymous_3)
FN:67,(anonymous_4)
FNF:5
FNH:1
FNDA:0,init
FNDA:8,render
FNDA:0,(anonymous_2)
FNDA:0,(anonymous_3)
FNDA:0,(anonymous_4)
DA:1,1
DA:2,1
DA:3,1
DA:4,1
DA:6,1
DA:7,1
DA:8,1
DA:13,0
DA:14,0
DA:16,0
DA:17,0
DA:18,0
DA:19,0
DA:20,0
DA:22,0
DA:25,0
DA:27,0
DA:30,0
DA:34,8
DA:35,8
DA:36,8
DA:37,8
DA:40,1
DA:42,0
DA:43,0
DA:47,0
DA:48,0
DA:49,0
DA:51,0
DA:52,0
DA:54,0
DA:56,0
DA:64,0
DA:68,0
DA:69,0
DA:70,0
LF:36
LH:12
BRDA:14,0,0,0
BRDA:14,0,1,0
BRDA:17,1,0,0
BRDA:17,1,1,0
BRDA:25,2,0,0
BRDA:25,2,1,0
BRDA:37,3,0,8
BRDA:37,3,1,8
BRDA:42,4,0,0
BRDA:42,4,1,0
BRDA:51,5,0,0
BRDA:51,5,1,0
BRDA:69,6,0,0
BRDA:69,6,1,0
BRF:14
BRH:2
end_of_record
TN:
SF:/Users/qiangyt/my_github/mock-where/src/Config.js
FNF:0
FNH:0
DA:1,1
LF:1
LH:1
BRF:0
BRH:0
end_of_record
TN:
SF:/Users/qiangyt/my_github/mock-where/src/Logger.js
FN:6,_formatMessage
FN:21,(anonymous_1)
FN:26,(anonymous_2)
FN:28,(anonymous_3)
FN:32,(anonymous_4)
FN:36,(anonymous_5)
FN:40,(anonymous_6)
FNF:7
FNH:4
FNDA:6,_formatMessage
FNDA:9,(anonymous_1)
FNDA:0,(anonymous_2)
FNDA:3,(anonymous_3)
FNDA:0,(anonymous_4)
FNDA:0,(anonymous_5)
FNDA:3,(anonymous_6)
DA:1,1
DA:2,1
DA:3,1
DA:7,6
DA:9,3
DA:10,3
DA:11,9
DA:12,9
DA:13,0
DA:15,9
DA:18,3
DA:21,1
DA:22,9
DA:23,9
DA:25,9
DA:26,0
DA:29,3
DA:33,0
DA:37,0
DA:41,3
LF:20
LH:16
BRDA:7,0,0,3
BRDA:7,0,1,3
BRDA:12,1,0,0
BRDA:12,1,1,9
BRF:4
BRH:3
end_of_record
TN:
SF:/Users/qiangyt/my_github/mock-where/src/MockConfigProvider_localDirectory.js
FN:9,(anonymous_0)
FN:16,(anonymous_1)
FN:41,(anonymous_2)
FN:70,(anonymous_3)
FN:86,(anonymous_4)
FNF:5
FNH:0
FNDA:0,(anonymous_0)
FNDA:0,(anonymous_1)
FNDA:0,(anonymous_2)
FNDA:0,(anonymous_3)
FNDA:0,(anonymous_4)
DA:1,0
DA:2,0
DA:3,0
DA:4,0
DA:10,0
DA:11,0
DA:12,0
DA:18,0
DA:19,0
DA:21,0
DA:24,0
DA:25,0
DA:26,0
DA:27,0
DA:29,0
DA:30,0
DA:32,0
DA:38,0
DA:42,0
DA:45,0
DA:46,0
DA:47,0
DA:48,0
DA:49,0
DA:50,0
DA:51,0
DA:52,0
DA:53,0
DA:56,0
DA:57,0
DA:58,0
DA:59,0
DA:60,0
DA:62,0
DA:63,0
DA:67,0
DA:73,0
DA:74,0
DA:76,0
DA:79,0
DA:80,0
DA:83,0
DA:87,0
DA:94,0
LF:44
LH:0
BRDA:19,0,0,0
BRDA:19,0,1,0
BRDA:27,1,0,0
BRDA:27,1,1,0
BRDA:50,2,0,0
BRDA:50,2,1,0
BRDA:56,3,0,0
BRDA:56,3,1,0
BRDA:57,4,0,0
BRDA:57,4,1,0
BRDA:57,5,0,0
BRDA:57,5,1,0
BRDA:59,6,0,0
BRDA:59,6,1,0
BRDA:79,7,0,0
BRDA:79,7,1,0
BRF:16
BRH:0
end_of_record
TN:
SF:/Users/qiangyt/my_github/mock-where/src/MockServer.js
FN:7,(anonymous_0)
FN:15,(anonymous_1)
FN:21,(anonymous_2)
FNF:3
FNH:0
FNDA:0,(anonymous_0)
FNDA:0,(anonymous_1)
FNDA:0,(anonymous_2)
DA:1,0
DA:2,0
DA:3,0
DA:8,0
DA:9,0
DA:10,0
DA:11,0
DA:12,0
DA:16,0
DA:18,0
DA:22,0
DA:26,0
LF:12
LH:0
BRF:0
BRH:0
end_of_record
TN:
SF:/Users/qiangyt/my_github/mock-where/src/MockServerManager.js
FN:7,(anonymous_0)
FN:11,(anonymous_1)
FN:15,(anonymous_2)
FN:27,(anonymous_3)
FN:37,(anonymous_4)
FN:48,(anonymous_5)
FN:52,(anonymous_6)
FNF:7
FNH:0
FNDA:0,(anonymous_0)
FNDA:0,(anonymous_1)
FNDA:0,(anonymous_2)
FNDA:0,(anonymous_3)
FNDA:0,(anonymous_4)
FNDA:0,(anonymous_5)
FNDA:0,(anonymous_6)
DA:1,0
DA:2,0
DA:3,0
DA:8,0
DA:12,0
DA:16,0
DA:17,0
DA:19,0
DA:20,0
DA:22,0
DA:24,0
DA:28,0
DA:29,0
DA:31,0
DA:32,0
DA:33,0
DA:38,0
DA:40,0
DA:41,0
DA:43,0
DA:45,0
DA:49,0
DA:53,0
DA:54,0
DA:55,0
DA:60,0
LF:26
LH:0
BRDA:16,0,0,0
BRDA:16,0,1,0
BRDA:17,1,0,0
BRDA:17,1,1,0
BRDA:54,2,0,0
BRDA:54,2,1,0
BRF:6
BRH:0
end_of_record
TN:
SF:/Users/qiangyt/my_github/mock-where/src/RuleEngine.js
FN:9,(anonymous_0)
FN:17,(anonymous_1)
FN:27,(anonymous_2)
FN:32,(anonymous_3)
FN:48,(anonymous_4)
FN:78,(anonymous_5)
FN:90,(anonymous_6)
FN:101,(anonymous_7)
FN:109,(anonymous_8)
FN:119,(anonymous_9)
FNF:10
FNH:4
FNDA:0,(anonymous_0)
FNDA:0,(anonymous_1)
FNDA:0,(anonymous_2)
FNDA:1,(anonymous_3)
FNDA:0,(anonymous_4)
FNDA:3,(anonymous_5)
FNDA:1,(anonymous_6)
FNDA:2,(anonymous_7)
FNDA:0,(anonymous_8)
FNDA:0,(anonymous_9)
DA:1,1
DA:2,1
DA:3,1
DA:4,1
DA:10,0
DA:11,0
DA:12,0
DA:13,0
DA:14,0
DA:18,0
DA:19,0
DA:21,0
DA:22,0
DA:24,0
DA:28,0
DA:33,1
DA:49,0
DA:51,0
DA:53,0
DA:54,0
DA:55,0
DA:57,0
DA:58,0
DA:60,0
DA:61,0
DA:62,0
DA:64,0
DA:65,0
DA:66,0
DA:67,0
DA:71,0
DA:73,0
DA:79,3
DA:80,1
DA:81,1
DA:83,0
DA:86,2
DA:91,1
DA:93,1
DA:94,1
DA:96,1
DA:102,2
DA:103,2
DA:104,1
DA:106,1
DA:110,0
DA:111,0
DA:113,0
DA:114,0
DA:115,0
DA:117,0
DA:118,0
DA:119,0
DA:122,0
DA:128,1
LF:55
LH:18
BRDA:65,0,0,0
BRDA:65,0,1,0
BRDA:79,1,0,1
BRDA:79,1,1,2
BRDA:91,2,0,1
BRDA:91,2,1,0
BRDA:103,3,0,1
BRDA:103,3,1,1
BRDA:103,4,0,2
BRDA:103,4,1,2
BRDA:118,5,0,0
BRDA:118,5,1,0
BRF:12
BRH:7
end_of_record
TN:
SF:/Users/qiangyt/my_github/mock-where/src/RuleNode.js
FN:3,(anonymous_0)
FN:10,(anonymous_1)
FN:34,(anonymous_2)
FNF:3
FNH:3
FNDA:68,(anonymous_0)
FNDA:149,(anonymous_1)
FNDA:26,(anonymous_2)
DA:4,68
DA:5,68
DA:6,68
DA:7,68
DA:11,149
DA:12,149
DA:13,149
DA:15,130
DA:17,37
DA:18,37
DA:21,93
DA:23,93
DA:24,64
DA:27,47
DA:28,47
DA:29,47
DA:31,47
DA:35,26
DA:36,26
DA:38,22
DA:39,4
DA:40,4
DA:41,6
DA:43,4
DA:46,18
DA:48,18
DA:49,20
DA:50,20
DA:53,5
DA:54,4
DA:55,4
DA:56,4
DA:58,4
DA:61,1
DA:66,1
LF:35
LH:35
BRDA:13,0,0,19
BRDA:13,0,1,130
BRDA:15,1,0,37
BRDA:15,1,1,93
BRDA:24,2,0,46
BRDA:24,2,1,18
BRDA:36,3,0,4
BRDA:36,3,1,22
BRDA:38,4,0,4
BRDA:38,4,1,18
BRDA:41,5,0,4
BRDA:41,5,1,2
BRDA:50,6,0,13
BRDA:50,6,1,7
BRDA:53,7,0,4
BRDA:53,7,1,1
BRDA:56,8,0,2
BRDA:56,8,1,2
BRF:18
BRH:18
end_of_record
TN:
SF:/Users/qiangyt/my_github/mock-where/src/RuleTree.js
FN:7,(anonymous_0)
FN:14,(anonymous_1)
FN:30,(anonymous_2)
FN:35,(anonymous_3)
FN:50,(anonymous_4)
FN:66,(anonymous_5)
FN:76,(anonymous_6)
FN:100,(anonymous_7)
FN:105,(anonymous_8)
FNF:9
FNH:9
FNDA:11,(anonymous_0)
FNDA:13,(anonymous_1)
FNDA:19,(anonymous_2)
FNDA:3,(anonymous_3)
FNDA:5,(anonymous_4)
FNDA:8,(anonymous_5)
FNDA:4,(anonymous_6)
FNDA:1,(anonymous_7)
FNDA:1,(anonymous_8)
DA:1,1
DA:2,1
DA:3,1
DA:8,11
DA:9,11
DA:10,11
DA:11,11
DA:15,13
DA:17,13
DA:18,13
DA:20,13
DA:21,13
DA:22,13
DA:23,13
DA:24,13
DA:25,13
DA:27,13
DA:31,19
DA:32,2
DA:36,3
DA:37,3
DA:39,3
DA:40,3
DA:41,3
DA:42,3
DA:43,3
DA:45,3
DA:47,3
DA:51,5
DA:53,5
DA:55,5
DA:56,5
DA:58,5
DA:60,5
DA:61,5
DA:63,5
DA:67,8
DA:69,8
DA:70,1
DA:72,7
DA:77,4
DA:82,4
DA:83,1
DA:84,1
DA:85,3
DA:86,2
DA:87,2
DA:89,1
DA:90,1
DA:93,4
DA:101,1
DA:102,1
DA:106,1
DA:107,1
DA:112,1
LF:55
LH:55
BRDA:8,0,0,11
BRDA:8,0,1,6
BRDA:15,1,0,13
BRDA:15,1,1,7
BRDA:17,2,0,13
BRDA:17,2,1,10
BRDA:18,3,0,13
BRDA:18,3,1,10
BRDA:20,4,0,13
BRDA:20,4,1,9
BRDA:21,5,0,13
BRDA:21,5,1,10
BRDA:22,6,0,13
BRDA:22,6,1,10
BRDA:23,7,0,10
BRDA:23,7,1,3
BRDA:23,8,0,13
BRDA:23,8,1,3
BRDA:24,9,0,13
BRDA:24,9,1,10
BRDA:25,10,0,13
BRDA:25,10,1,11
BRDA:31,11,0,17
BRDA:31,11,1,2
BRDA:36,12,0,3
BRDA:36,12,1,1
BRDA:39,13,0,3
BRDA:39,13,1,3
BRDA:40,14,0,3
BRDA:40,14,1,1
BRDA:41,15,0,3
BRDA:41,15,1,1
BRDA:42,16,0,3
BRDA:42,16,1,2
BRDA:43,17,0,2
BRDA:43,17,1,1
BRDA:53,18,0,5
BRDA:53,18,1,4
BRDA:55,19,0,5
BRDA:55,19,1,4
BRDA:56,20,0,5
BRDA:56,20,1,4
BRDA:60,21,0,4
BRDA:60,21,1,1
BRDA:60,22,0,5
BRDA:60,22,1,1
BRDA:61,23,0,5
BRDA:61,23,1,4
BRDA:67,24,0,0
BRDA:67,24,1,8
BRDA:67,25,0,8
BRDA:67,25,1,1
BRDA:69,26,0,1
BRDA:69,26,1,7
BRDA:72,27,0,7
BRDA:72,27,1,6
BRDA:82,28,0,1
BRDA:82,28,1,3
BRDA:85,29,0,2
BRDA:85,29,1,1
BRDA:89,30,0,1
BRDA:89,30,1,0
BRDA:90,31,0,1
BRDA:90,31,1,0
BRF:64
BRH:61
end_of_record
TN:
SF:/Users/qiangyt/my_github/mock-where/src/Template.js
FN:9,(anonymous_0)
FN:17,(anonymous_1)
FNF:2
FNH:1
FNDA:4,(anonymous_0)
FNDA:0,(anonymous_1)
DA:1,1
DA:2,1
DA:3,1
DA:4,1
DA:5,1
DA:6,1
DA:9,1
DA:11,4
DA:12,2
DA:15,2
DA:16,0
DA:17,0
DA:20,2
DA:21,0
DA:24,2
DA:25,1
DA:28,1
DA:29,1
DA:32,0
LF:19
LH:15
BRDA:11,0,0,2
BRDA:11,0,1,2
BRDA:15,1,0,0
BRDA:15,1,1,2
BRDA:20,2,0,0
BRDA:20,2,1,2
BRDA:24,3,0,1
BRDA:24,3,1,1
BRDA:28,4,0,1
BRDA:28,4,1,0
BRF:10
BRH:7
end_of_record
TN:
SF:/Users/qiangyt/my_github/mock-where/src/api/where.js
FN:8,(anonymous_0)
FN:12,(anonymous_1)
FNF:2
FNH:0
FNDA:0,(anonymous_0)
FNDA:0,(anonymous_1)
DA:1,0
DA:2,0
DA:3,0
DA:9,0
DA:13,0
DA:15,0
DA:16,0
DA:18,0
DA:19,0
DA:21,0
DA:22,0
DA:24,0
DA:26,0
DA:28,0
DA:33,0
DA:34,0
DA:36,0
LF:17
LH:0
BRDA:19,0,0,0
BRDA:19,0,1,0
BRDA:22,1,0,0
BRDA:22,1,1,0
BRF:4
BRH:0
end_of_record
TN:
SF:/Users/qiangyt/my_github/mock-where/src/error/BaseError.js
FN:5,(anonymous_0)
FN:12,(anonymous_1)
FN:16,(anonymous_2)
FNF:3
FNH:3
FNDA:2,(anonymous_0)
FNDA:2,(anonymous_1)
FNDA:5,(anonymous_2)
DA:1,1
DA:6,2
DA:8,2
DA:9,2
DA:13,2
DA:18,5
DA:19,5
DA:21,5
DA:31,1
DA:33,1
LF:10
LH:10
BRDA:18,0,0,5
BRDA:18,0,1,5
BRDA:19,1,0,5
BRDA:19,1,1,0
BRF:4
BRH:3
end_of_record
TN:
SF:/Users/qiangyt/my_github/mock-where/src/error/Errors.js
FN:17,register
FNF:1
FNH:1
FNDA:1,register
DA:1,1
DA:2,1
DA:3,1
DA:5,1
DA:6,1
DA:7,1
DA:9,1
DA:18,1
DA:19,1
DA:20,0
DA:21,0
DA:25,1
DA:26,1
DA:28,0
DA:31,1
DA:33,1
DA:34,36
DA:36,36
DA:37,36
DA:39,36
DA:40,0
DA:42,36
DA:44,36
DA:46,36
DA:47,0
DA:50,36
DA:51,36
DA:57,1
DA:58,1
DA:59,1
LF:30
LH:25
BRDA:18,0,0,0
BRDA:18,0,1,1
BRDA:19,1,0,0
BRDA:19,1,1,1
BRDA:20,2,0,0
BRDA:20,2,1,0
BRDA:34,3,0,0
BRDA:34,3,1,36
BRDA:39,4,0,0
BRDA:39,4,1,36
BRDA:39,5,0,36
BRDA:39,5,1,0
BRDA:39,5,2,0
BRDA:42,6,0,0
BRDA:42,6,1,36
BRDA:46,7,0,0
BRDA:46,7,1,36
BRF:17
BRH:7
end_of_record
TN:
SF:/Users/qiangyt/my_github/mock-where/src/error/InternalError.js
FN:6,(anonymous_0)
FNF:1
FNH:1
FNDA:1,(anonymous_0)
DA:1,1
DA:2,1
DA:7,1
DA:12,1
LF:4
LH:4
BRF:0
BRH:0
end_of_record
TN:
SF:/Users/qiangyt/my_github/mock-where/src/error/MissingParamError.js
FN:5,(anonymous_0)
FNF:1
FNH:1
FNDA:1,(anonymous_0)
DA:1,1
DA:6,1
DA:11,1
LF:3
LH:3
BRF:0
BRH:0
end_of_record
TN:
SF:/Users/qiangyt/my_github/mock-where/src/error/RequestError.js
FN:6,(anonymous_0)
FNF:1
FNH:1
FNDA:1,(anonymous_0)
DA:1,1
DA:2,1
DA:7,1
DA:12,1
LF:4
LH:4
BRF:0
BRH:0
end_of_record
